<?xml version="1.0" encoding="UTF-8"?>
<!-- Generated by org.testng.reporters.JUnitXMLReporter -->
<testsuite ignored="0" hostname="Varam-98765" failures="1" tests="3" name="SubmitOrderTest" time="10.728" errors="0" timestamp="2025-08-02T15:24:23 IST">
  <testcase classname="com.qa.tests.SubmitOrderTest" name="submitOrder" time="3.212"/>
  <testcase classname="com.qa.tests.SubmitOrderTest" name="submitOrder" time="2.263">
    <failure type="java.lang.AssertionError" message="expected [true] but found [false]">
      <![CDATA[java.lang.AssertionError: expected [true] but found [false]
at com.qa.tests.SubmitOrderTest.submitOrder(SubmitOrderTest.java:44)
at java.base/java.util.ArrayList.forEach(ArrayList.java:1511)
at java.base/java.util.concurrent.FutureTask.run(FutureTask.java:264)
at java.base/java.util.concurrent.ThreadPoolExecutor.runWorker(ThreadPoolExecutor.java:1136)
at java.base/java.util.concurrent.ThreadPoolExecutor$Worker.run(ThreadPoolExecutor.java:635)
at java.base/java.lang.Thread.run(Thread.java:842)
... Removed 21 stack frames]]>
    </failure>
  </testcase> <!-- submitOrder -->
  <testcase classname="com.qa.tests.SubmitOrderTest" name="orderHistoryTest" time="0.001">
    <skipped/>
  </testcase> <!-- orderHistoryTest -->
</testsuite> <!-- SubmitOrderTest -->
